#
# A fatal error has been detected by the Java Runtime Environment:
#
#  SIGSEGV (0xb) at pc=0x00007f830a032d3a, pid=5939, tid=0x00007f8365ca0700
#
# JRE version: OpenJDK Runtime Environment (8.0_181-b13) (build 1.8.0_181-8u181-b13-1ubuntu0.18.04.1-b13)
# Java VM: OpenJDK 64-Bit Server VM (25.181-b13 mixed mode linux-amd64 compressed oops)
# Problematic frame:
# C  [libLLVM-7.so+0x673d3a]  llvm::IRBuilderBase::CreateGlobalString(llvm::StringRef, llvm::Twine const&, unsigned int)+0x3a
#
# Failed to write core dump. Core dumps have been disabled. To enable core dumping, try "ulimit -c unlimited" before starting Java again
#
# If you would like to submit a bug report, please visit:
#   http://bugreport.java.com/bugreport/crash.jsp
# The crash happened outside the Java Virtual Machine in native code.
# See problematic frame for where to report the bug.
#

---------------  T H R E A D  ---------------

Current thread (0x00007f835c00d000):  JavaThread "main" [_thread_in_native, id=5945, stack(0x00007f8365ba1000,0x00007f8365ca1000)]

siginfo: si_signo: 11 (SIGSEGV), si_code: 1 (SEGV_MAPERR), si_addr: 0x0000000000000038

Registers:
RAX=0x0000000000000000, RBX=0x00007f835c382b30, RCX=0x00007f830b54a040, RDX=0x000000000000000b
RSP=0x00007f8365c9f6e0, RBP=0x00007f835c3167f0, RSI=0x0000000000000001, RDI=0x0000000000000058
R8 =0x00007f835c0008d0, R9 =0x00007f8365896c40, R10=0x000000000000000a, R11=0x00007f830a0a3030
R12=0x00007f835c38dc90, R13=0x00007f835c38c200, R14=0x00007f8365c9f740, R15=0x0000000000000000
RIP=0x00007f830a032d3a, EFLAGS=0x0000000000010206, CSGSFS=0x002b000000000033, ERR=0x0000000000000004
  TRAPNO=0x000000000000000e

Top of Stack: (sp=0x00007f8365c9f6e0)
0x00007f8365c9f6e0:   0000000000000000 00007f835c38e760
0x00007f8365c9f6f0:   00007f835c382b30 00007f835c38dc90
0x00007f8365c9f700:   00007f835c38e760 00007f8365c9f848
0x00007f8365c9f710:   00007f835c00d000 00007f8309fe4198
0x00007f8365c9f720:   00007f835c1437e8 0000000000000005
0x00007f8365c9f730:   00007f8365c9f848 00007f835c00d000
0x00007f8365c9f740:   00007f835c38dc90 00007f832421d840
0x00007f8365c9f750:   00007f8360d40103 00007f835c00d1e0
0x00007f8365c9f760:   00007f835c00d1e0 00007f835c00d1e0
0x00007f8365c9f770:   00007f835c382b30 00007f832423fdac
0x00007f8365c9f780:   00007f8360d44c90 0000000000000000
0x00007f8365c9f790:   00007f8360d44c90 00007f8365c9f818
0x00007f8365c9f7a0:   0000000000000000 00007f8360d44c90
0x00007f8365c9f7b0:   00007f8365c9f848 00007f834d018407
0x00007f8365c9f7c0:   00007f8365c9f818 00007f834d018167
0x00007f8365c9f7d0:   00007f834d018122 00007f8365c9f7d8
0x00007f8365c9f7e0:   00007f8360d44c90 00007f8365c9f848
0x00007f8365c9f7f0:   00007f8360d5fdb8 0000000000000000
0x00007f8365c9f800:   00007f8360d44c90 0000000000000000
0x00007f8365c9f810:   00007f8365c9f838 00007f8365c9f890
0x00007f8365c9f820:   00007f834d007d80 00000000d754a2c0
0x00007f8365c9f830:   00007f834d011a5b 00000000d78ca2f8
0x00007f8365c9f840:   00000000d78ca2c0 00000000d78b31b8
0x00007f8365c9f850:   00007f8365c9f850 00007f8360d115d7
0x00007f8365c9f860:   00007f8365c9f910 00007f8360d16208
0x00007f8365c9f870:   0000000000000000 00007f8360d116f0
0x00007f8365c9f880:   00007f8365c9f838 00007f8365c9f910
0x00007f8365c9f890:   00007f8365c9f958 00007f834d007ffd
0x00007f8365c9f8a0:   0000000000000000 0000000000000000
0x00007f8365c9f8b0:   0000000000000000 00000000d78ca1c0
0x00007f8365c9f8c0:   00000000d78baa80 00000000d78baa50
0x00007f8365c9f8d0:   00000000d78ba958 00000000d78ba928 

Instructions: (pc=0x00007f830a032d3a)
0x00007f830a032d1a:   ec 08 48 8b 7f 18 e8 0b 3f df ff 48 89 c5 48 8b
0x00007f830a032d2a:   43 08 be 01 00 00 00 4c 8b 6d 00 bf 58 00 00 00
0x00007f830a032d3a:   48 8b 40 38 4c 8b 60 28 e8 39 f2 db ff 48 83 ec
0x00007f830a032d4a:   08 48 89 c3 4c 89 ea 6a 00 41 57 49 89 e9 6a 00 

Register to memory mapping:

RAX=0x0000000000000000 is an unknown value
RBX=0x00007f835c382b30 is an unknown value
RCX=0x00007f830b54a040: <offset 0x1b8b040> in /home/rafaellb/.javacpp/cache/llvm-7.0.0-1.4.3-linux-x86_64.jar/org/bytedeco/javacpp/linux-x86_64/libLLVM-7.so at 0x00007f83099bf000
RDX=0x000000000000000b is an unknown value
RSP=0x00007f8365c9f6e0 is pointing into the stack for thread: 0x00007f835c00d000
RBP=0x00007f835c3167f0 is an unknown value
RSI=0x0000000000000001 is an unknown value
RDI=0x0000000000000058 is an unknown value
R8 =0x00007f835c0008d0 is an unknown value
R9 =0x00007f8365896c40: <offset 0x3ebc40> in /lib/x86_64-linux-gnu/libc.so.6 at 0x00007f83654ab000
R10=0x000000000000000a is an unknown value
R11=0x00007f830a0a3030: _ZN4llvm3Use8initTagsEPS0_S1_+0 in /home/rafaellb/.javacpp/cache/llvm-7.0.0-1.4.3-linux-x86_64.jar/org/bytedeco/javacpp/linux-x86_64/libLLVM-7.so at 0x00007f83099bf000
R12=0x00007f835c38dc90 is an unknown value
R13=0x00007f835c38c200 is an unknown value
R14=0x00007f8365c9f740 is pointing into the stack for thread: 0x00007f835c00d000
R15=0x0000000000000000 is an unknown value


Stack: [0x00007f8365ba1000,0x00007f8365ca1000],  sp=0x00007f8365c9f6e0,  free space=1017k
Native frames: (J=compiled Java code, j=interpreted, Vv=VM code, C=native code)
C  [libLLVM-7.so+0x673d3a]  llvm::IRBuilderBase::CreateGlobalString(llvm::StringRef, llvm::Twine const&, unsigned int)+0x3a

Java frames: (J=compiled Java code, j=interpreted, Vv=VM code)
j  org.bytedeco.javacpp.LLVM.LLVMBuildGlobalStringPtr(Lorg/bytedeco/javacpp/LLVM$LLVMBuilderRef;Ljava/lang/String;Ljava/lang/String;)Lorg/bytedeco/javacpp/LLVM$LLVMValueRef;+0
j  uem.IR.LLVMBuild.query()V+183
j  uem.Main.main([Ljava/lang/String;)V+7
v  ~StubRoutines::call_stub

---------------  P R O C E S S  ---------------

Java Threads: ( => current thread )
  0x00007f835c300000 JavaThread "JavaCPP Deallocator" daemon [_thread_blocked, id=5971, stack(0x00007f83248e2000,0x00007f83249e3000)]
  0x00007f835c2e7000 JavaThread "Service Thread" daemon [_thread_blocked, id=5968, stack(0x00007f8324ae4000,0x00007f8324be5000)]
  0x00007f835c2e3800 JavaThread "C1 CompilerThread2" daemon [_thread_blocked, id=5967, stack(0x00007f8324be6000,0x00007f8324ce6000)]
  0x00007f835c2e2000 JavaThread "C2 CompilerThread1" daemon [_thread_blocked, id=5966, stack(0x00007f8327f00000,0x00007f8328000000)]
  0x00007f835c2df800 JavaThread "C2 CompilerThread0" daemon [_thread_blocked, id=5965, stack(0x00007f834409f000,0x00007f834419f000)]
  0x00007f835c2de000 JavaThread "Monitor Ctrl-Break" daemon [_thread_in_native, id=5964, stack(0x00007f834419f000,0x00007f83442a0000)]
  0x00007f835c181800 JavaThread "Signal Dispatcher" daemon [_thread_blocked, id=5963, stack(0x00007f834c014000,0x00007f834c115000)]
  0x00007f835c14e800 JavaThread "Finalizer" daemon [_thread_blocked, id=5956, stack(0x00007f834c3f4000,0x00007f834c4f5000)]
  0x00007f835c14c000 JavaThread "Reference Handler" daemon [_thread_blocked, id=5955, stack(0x00007f834c4f5000,0x00007f834c5f6000)]
=>0x00007f835c00d000 JavaThread "main" [_thread_in_native, id=5945, stack(0x00007f8365ba1000,0x00007f8365ca1000)]

Other Threads:
  0x00007f835c142000 VMThread [stack: 0x00007f834c5f7000,0x00007f834c6f7000] [id=5953]
  0x00007f835c2e9800 WatcherThread [stack: 0x00007f83249e4000,0x00007f8324ae4000] [id=5970]

VM state:not at safepoint (normal execution)

VM Mutex/Monitor currently owned by a thread: None

Heap:
 PSYoungGen      total 36864K, used 7637K [0x00000000d7180000, 0x00000000d9a80000, 0x0000000100000000)
  eden space 31744K, 24% used [0x00000000d7180000,0x00000000d78f5428,0x00000000d9080000)
  from space 5120K, 0% used [0x00000000d9580000,0x00000000d9580000,0x00000000d9a80000)
  to   space 5120K, 0% used [0x00000000d9080000,0x00000000d9080000,0x00000000d9580000)
 ParOldGen       total 84992K, used 0K [0x0000000085400000, 0x000000008a700000, 0x00000000d7180000)
  object space 84992K, 0% used [0x0000000085400000,0x0000000085400000,0x000000008a700000)
 Metaspace       used 4628K, capacity 5216K, committed 5504K, reserved 1056768K
  class space    used 495K, capacity 528K, committed 640K, reserved 1048576K

Card table byte_map: [0x00007f8361b74000,0x00007f8361f4b000] byte_map_base: 0x00007f836174a000

Marking Bits: (ParMarkBitMap*) 0x00007f8364e4e1c0
 Begin Bits: [0x00007f83442a0000, 0x00007f8346150000)
 End Bits:   [0x00007f8346150000, 0x00007f8348000000)

Polling page: 0x00007f8365ccf000

CodeCache: size=245760Kb used=1569Kb max_used=1569Kb free=244190Kb
 bounds [0x00007f834d000000, 0x00007f834d270000, 0x00007f835c000000]
 total_blobs=498 nmethods=225 adapters=188
 compilation: enabled

Compilation events (10 events):
Event: 1,049 Thread 0x00007f835c2df800 nmethod 220 0x00007f834d1787d0 code [0x00007f834d178940, 0x00007f834d178e58]
Event: 1,051 Thread 0x00007f835c2e3800 nmethod 219 0x00007f834d183f50 code [0x00007f834d184420, 0x00007f834d1875d8]
Event: 1,051 Thread 0x00007f835c2e3800  218       3       java.lang.String::concat (47 bytes)
Event: 1,051 Thread 0x00007f835c2e3800 nmethod 218 0x00007f834d17ae90 code [0x00007f834d17b060, 0x00007f834d17b7f8]
Event: 1,051 Thread 0x00007f835c2e3800  217       1       sun.misc.URLClassPath$JarLoader::access$600 (5 bytes)
Event: 1,052 Thread 0x00007f835c2e3800 nmethod 217 0x00007f834d17abd0 code [0x00007f834d17ad20, 0x00007f834d17ae10]
Event: 1,162 Thread 0x00007f835c2e3800  221  s    1       java.util.Vector::size (5 bytes)
Event: 1,162 Thread 0x00007f835c2e3800 nmethod 221 0x00007f834d17a790 code [0x00007f834d17a8e0, 0x00007f834d17ab50]
Event: 1,216 Thread 0x00007f835c2e3800  225       3       sun.misc.URLClassPath::getResource (83 bytes)
Event: 1,217 Thread 0x00007f835c2e3800 nmethod 225 0x00007f834d1834d0 code [0x00007f834d183680, 0x00007f834d183a48]

GC Heap History (0 events):
No events

Deoptimization events (0 events):
No events

Classes redefined (0 events):
No events

Internal exceptions (10 events):
Event: 0,101 Thread 0x00007f835c00d000 Exception <a 'java/security/PrivilegedActionException'> (0x00000000d724b500) thrown at [/build/openjdk-8-Hh0vdF/openjdk-8-8u181-b13/src/hotspot/src/share/vm/prims/jvm.cpp, line 1435]
Event: 0,101 Thread 0x00007f835c00d000 Exception <a 'java/security/PrivilegedActionException'> (0x00000000d724b710) thrown at [/build/openjdk-8-Hh0vdF/openjdk-8-8u181-b13/src/hotspot/src/share/vm/prims/jvm.cpp, line 1435]
Event: 0,102 Thread 0x00007f835c00d000 Exception <a 'java/security/PrivilegedActionException'> (0x00000000d7253ba0) thrown at [/build/openjdk-8-Hh0vdF/openjdk-8-8u181-b13/src/hotspot/src/share/vm/prims/jvm.cpp, line 1435]
Event: 0,102 Thread 0x00007f835c00d000 Exception <a 'java/security/PrivilegedActionException'> (0x00000000d7253db0) thrown at [/build/openjdk-8-Hh0vdF/openjdk-8-8u181-b13/src/hotspot/src/share/vm/prims/jvm.cpp, line 1435]
Event: 0,221 Thread 0x00007f835c00d000 Exception <a 'java/security/PrivilegedActionException'> (0x00000000d7595f40) thrown at [/build/openjdk-8-Hh0vdF/openjdk-8-8u181-b13/src/hotspot/src/share/vm/prims/jvm.cpp, line 1435]
Event: 0,221 Thread 0x00007f835c00d000 Exception <a 'java/security/PrivilegedActionException'> (0x00000000d7596150) thrown at [/build/openjdk-8-Hh0vdF/openjdk-8-8u181-b13/src/hotspot/src/share/vm/prims/jvm.cpp, line 1435]
Event: 0,221 Thread 0x00007f835c00d000 Exception <a 'java/security/PrivilegedActionException'> (0x00000000d75981d8) thrown at [/build/openjdk-8-Hh0vdF/openjdk-8-8u181-b13/src/hotspot/src/share/vm/prims/jvm.cpp, line 1435]
Event: 0,222 Thread 0x00007f835c00d000 Exception <a 'java/security/PrivilegedActionException'> (0x00000000d75983e8) thrown at [/build/openjdk-8-Hh0vdF/openjdk-8-8u181-b13/src/hotspot/src/share/vm/prims/jvm.cpp, line 1435]
Event: 0,222 Thread 0x00007f835c00d000 Exception <a 'java/security/PrivilegedActionException'> (0x00000000d7598ec0) thrown at [/build/openjdk-8-Hh0vdF/openjdk-8-8u181-b13/src/hotspot/src/share/vm/prims/jvm.cpp, line 1435]
Event: 0,222 Thread 0x00007f835c00d000 Exception <a 'java/security/PrivilegedActionException'> (0x00000000d75990d0) thrown at [/build/openjdk-8-Hh0vdF/openjdk-8-8u181-b13/src/hotspot/src/share/vm/prims/jvm.cpp, line 1435]

Events (10 events):
Event: 1,039 loading class org/bytedeco/javacpp/LLVM$LLVMGenericValueRef
Event: 1,039 loading class org/bytedeco/javacpp/LLVM$LLVMGenericValueRef done
Event: 1,178 loading class org/bytedeco/javacpp/LLVM$LLVMExecutionEngineRef
Event: 1,178 loading class org/bytedeco/javacpp/LLVM$LLVMExecutionEngineRef done
Event: 1,216 loading class org/bytedeco/javacpp/PointerScope
Event: 1,216 loading class org/bytedeco/javacpp/PointerScope done
Event: 1,217 loading class org/bytedeco/javacpp/PointerScope$1
Event: 1,217 loading class org/bytedeco/javacpp/PointerScope$1 done
Event: 1,217 Executing VM operation: Deoptimize
Event: 1,217 Executing VM operation: Deoptimize done


Dynamic libraries:
85400000-8a700000 rw-p 00000000 00:00 0 
8a700000-d7180000 ---p 00000000 00:00 0 
d7180000-d9a80000 rw-p 00000000 00:00 0 
d9a80000-100000000 ---p 00000000 00:00 0 
100000000-1000a0000 rw-p 00000000 00:00 0 
1000a0000-140000000 ---p 00000000 00:00 0 
5564ccf88000-5564ccf89000 r-xp 00000000 08:08 9843029                    /usr/lib/jvm/java-8-openjdk-amd64/jre/bin/java
5564cd188000-5564cd189000 r--p 00000000 08:08 9843029                    /usr/lib/jvm/java-8-openjdk-amd64/jre/bin/java
5564cd189000-5564cd18a000 rw-p 00001000 08:08 9843029                    /usr/lib/jvm/java-8-openjdk-amd64/jre/bin/java
5564ce831000-5564ce852000 rw-p 00000000 00:00 0                          [heap]
7f8304000000-7f8304021000 rw-p 00000000 00:00 0 
7f8304021000-7f8308000000 ---p 00000000 00:00 0 
7f83099bf000-7f830bc5e000 r-xp 00000000 08:08 5822156                    /home/rafaellb/.javacpp/cache/llvm-7.0.0-1.4.3-linux-x86_64.jar/org/bytedeco/javacpp/linux-x86_64/libLLVM-7.so
7f830bc5e000-7f830be5d000 ---p 0229f000 08:08 5822156                    /home/rafaellb/.javacpp/cache/llvm-7.0.0-1.4.3-linux-x86_64.jar/org/bytedeco/javacpp/linux-x86_64/libLLVM-7.so
7f830be5d000-7f830bfa0000 r--p 0229e000 08:08 5822156                    /home/rafaellb/.javacpp/cache/llvm-7.0.0-1.4.3-linux-x86_64.jar/org/bytedeco/javacpp/linux-x86_64/libLLVM-7.so
7f830bfa0000-7f830bfc3000 rw-p 023e1000 08:08 5822156                    /home/rafaellb/.javacpp/cache/llvm-7.0.0-1.4.3-linux-x86_64.jar/org/bytedeco/javacpp/linux-x86_64/libLLVM-7.so
7f830bfc3000-7f830c000000 rw-p 00000000 00:00 0 
7f830c000000-7f830c021000 rw-p 00000000 00:00 0 
7f830c021000-7f8310000000 ---p 00000000 00:00 0 
7f8310000000-7f8310021000 rw-p 00000000 00:00 0 
7f8310021000-7f8314000000 ---p 00000000 00:00 0 
7f8314000000-7f831402c000 rw-p 00000000 00:00 0 
7f831402c000-7f8318000000 ---p 00000000 00:00 0 
7f8318000000-7f8318185000 rw-p 00000000 00:00 0 
7f8318185000-7f831c000000 ---p 00000000 00:00 0 
7f831c000000-7f831c090000 rw-p 00000000 00:00 0 
7f831c090000-7f8320000000 ---p 00000000 00:00 0 
7f8320000000-7f8320021000 rw-p 00000000 00:00 0 
7f8320021000-7f8324000000 ---p 00000000 00:00 0 
7f83241dc000-7f83242a6000 r-xp 00000000 08:08 5822171                    /home/rafaellb/.javacpp/cache/llvm-7.0.0-1.4.3-linux-x86_64.jar/org/bytedeco/javacpp/linux-x86_64/libjniLLVM.so
7f83242a6000-7f83244a5000 ---p 000ca000 08:08 5822171                    /home/rafaellb/.javacpp/cache/llvm-7.0.0-1.4.3-linux-x86_64.jar/org/bytedeco/javacpp/linux-x86_64/libjniLLVM.so
7f83244a5000-7f83244ad000 r--p 000c9000 08:08 5822171                    /home/rafaellb/.javacpp/cache/llvm-7.0.0-1.4.3-linux-x86_64.jar/org/bytedeco/javacpp/linux-x86_64/libjniLLVM.so
7f83244ad000-7f83244af000 rw-p 000d1000 08:08 5822171                    /home/rafaellb/.javacpp/cache/llvm-7.0.0-1.4.3-linux-x86_64.jar/org/bytedeco/javacpp/linux-x86_64/libjniLLVM.so
7f83244af000-7f83244b0000 rw-p 00000000 00:00 0 
7f83244b0000-7f83244ca000 r-xp 00000000 08:08 5822170                    /home/rafaellb/.javacpp/cache/llvm-7.0.0-1.4.3-linux-x86_64.jar/org/bytedeco/javacpp/linux-x86_64/libLTO.so
7f83244ca000-7f83246ca000 ---p 0001a000 08:08 5822170                    /home/rafaellb/.javacpp/cache/llvm-7.0.0-1.4.3-linux-x86_64.jar/org/bytedeco/javacpp/linux-x86_64/libLTO.so
7f83246ca000-7f83246cb000 r--p 0001a000 08:08 5822170                    /home/rafaellb/.javacpp/cache/llvm-7.0.0-1.4.3-linux-x86_64.jar/org/bytedeco/javacpp/linux-x86_64/libLTO.so
7f83246cb000-7f83246cc000 rw-p 0001b000 08:08 5822170                    /home/rafaellb/.javacpp/cache/llvm-7.0.0-1.4.3-linux-x86_64.jar/org/bytedeco/javacpp/linux-x86_64/libLTO.so
7f83246cc000-7f83246cf000 rw-p 00000000 00:00 0 
7f83246cf000-7f83246e0000 r-xp 00000000 08:08 9878568                    /usr/lib/jvm/java-8-openjdk-amd64/jre/lib/amd64/libnio.so
7f83246e0000-7f83248e0000 ---p 00011000 08:08 9878568                    /usr/lib/jvm/java-8-openjdk-amd64/jre/lib/amd64/libnio.so
7f83248e0000-7f83248e1000 r--p 00011000 08:08 9878568                    /usr/lib/jvm/java-8-openjdk-amd64/jre/lib/amd64/libnio.so
7f83248e1000-7f83248e2000 rw-p 00012000 08:08 9878568                    /usr/lib/jvm/java-8-openjdk-amd64/jre/lib/amd64/libnio.so
7f83248e2000-7f83248e5000 ---p 00000000 00:00 0 
7f83248e5000-7f83249e3000 rw-p 00000000 00:00 0 
7f83249e3000-7f83249e4000 ---p 00000000 00:00 0 
7f83249e4000-7f8324ae4000 rw-p 00000000 00:00 0 
7f8324ae4000-7f8324ae7000 ---p 00000000 00:00 0 
7f8324ae7000-7f8324be5000 rw-p 00000000 00:00 0 
7f8324be5000-7f8324be6000 ---p 00000000 00:00 0 
7f8324be6000-7f8324be9000 ---p 00000000 00:00 0 
7f8324be9000-7f8327ce7000 rw-p 00000000 00:00 0 
7f8327ce7000-7f8327cfe000 r-xp 00000000 08:08 9878567                    /usr/lib/jvm/java-8-openjdk-amd64/jre/lib/amd64/libnet.so
7f8327cfe000-7f8327efd000 ---p 00017000 08:08 9878567                    /usr/lib/jvm/java-8-openjdk-amd64/jre/lib/amd64/libnet.so
7f8327efd000-7f8327efe000 r--p 00016000 08:08 9878567                    /usr/lib/jvm/java-8-openjdk-amd64/jre/lib/amd64/libnet.so
7f8327efe000-7f8327eff000 rw-p 00017000 08:08 9878567                    /usr/lib/jvm/java-8-openjdk-amd64/jre/lib/amd64/libnet.so
7f8327eff000-7f8327f00000 ---p 00000000 00:00 0 
7f8327f00000-7f8327f03000 ---p 00000000 00:00 0 
7f8327f03000-7f8328000000 rw-p 00000000 00:00 0 
7f8328000000-7f8328021000 rw-p 00000000 00:00 0 
7f8328021000-7f832c000000 ---p 00000000 00:00 0 
7f832c000000-7f832c021000 rw-p 00000000 00:00 0 
7f832c021000-7f8330000000 ---p 00000000 00:00 0 
7f8330000000-7f8330021000 rw-p 00000000 00:00 0 
7f8330021000-7f8334000000 ---p 00000000 00:00 0 
7f8334000000-7f8334021000 rw-p 00000000 00:00 0 
7f8334021000-7f8338000000 ---p 00000000 00:00 0 
7f8338000000-7f8338021000 rw-p 00000000 00:00 0 
7f8338021000-7f833c000000 ---p 00000000 00:00 0 
7f833c000000-7f833c021000 rw-p 00000000 00:00 0 
7f833c021000-7f8340000000 ---p 00000000 00:00 0 
7f8340000000-7f8340021000 rw-p 00000000 00:00 0 
7f8340021000-7f8344000000 ---p 00000000 00:00 0 
7f834409e000-7f834409f000 ---p 00000000 00:00 0 
7f834409f000-7f83440a2000 ---p 00000000 00:00 0 
7f83440a2000-7f834419f000 rw-p 00000000 00:00 0 
7f834419f000-7f83441a2000 ---p 00000000 00:00 0 
7f83441a2000-7f8348000000 rw-p 00000000 00:00 0 
7f8348000000-7f8348021000 rw-p 00000000 00:00 0 
7f8348021000-7f834c000000 ---p 00000000 00:00 0 
7f834c014000-7f834c017000 ---p 00000000 00:00 0 
7f834c017000-7f834c115000 rw-p 00000000 00:00 0 
7f834c115000-7f834c3f4000 r--p 00000000 08:08 9830824                    /usr/lib/locale/locale-archive
7f834c3f4000-7f834c3f7000 ---p 00000000 00:00 0 
7f834c3f7000-7f834c4f5000 rw-p 00000000 00:00 0 
7f834c4f5000-7f834c4f8000 ---p 00000000 00:00 0 
7f834c4f8000-7f834c5f6000 rw-p 00000000 00:00 0 
7f834c5f6000-7f834c5f7000 ---p 00000000 00:00 0 
7f834c5f7000-7f834d000000 rw-p 00000000 00:00 0 
7f834d000000-7f834d270000 rwxp 00000000 00:00 0 
7f834d270000-7f835c000000 ---p 00000000 00:00 0 
7f835c000000-7f835c3a8000 rw-p 00000000 00:00 0 
7f835c3a8000-7f8360000000 ---p 00000000 00:00 0 
7f8360037000-7f8360039000 r--s 0001a000 08:08 5770160                    /home/rafaellb/Documents/idea-IU-182.4129.33/lib/idea_rt.jar
7f8360039000-7f836003b000 r--s 01571000 08:08 5820853                    /home/rafaellb/.m2/repository/org/bytedeco/javacpp-presets/llvm/7.0.0-1.4.3/llvm-7.0.0-1.4.3-windows-x86.jar
7f836003b000-7f836003d000 r--s 0128f000 08:08 5820942                    /home/rafaellb/.m2/repository/org/bytedeco/javacpp-presets/llvm/7.0.0-1.4.3/llvm-7.0.0-1.4.3-macosx-x86_64.jar
7f836003d000-7f836003f000 r--s 01702000 08:08 5820941                    /home/rafaellb/.m2/repository/org/bytedeco/javacpp-presets/llvm/7.0.0-1.4.3/llvm-7.0.0-1.4.3-linux-x86_64.jar
7f836003f000-7f8360044000 r--s 00056000 08:08 5820950                    /home/rafaellb/.m2/repository/org/bytedeco/javacpp/1.4.3/javacpp-1.4.3.jar
7f8360044000-7f8360048000 r--s 0001e000 08:08 5820631                    /home/rafaellb/.m2/repository/org/bytedeco/javacpp-presets/llvm/7.0.0-1.4.3/llvm-7.0.0-1.4.3.jar
7f8360048000-7f836005f000 r--s 00154000 08:08 10229842                   /usr/local/lib/antlr-4.5.3-complete.jar
7f836005f000-7f8360072000 r--s 00346000 08:08 9878611                    /usr/lib/jvm/java-8-openjdk-amd64/jre/lib/resources.jar
7f8360072000-7f83606c6000 rw-p 00000000 00:00 0 
7f83606c6000-7f8360895000 r--s 03c33000 08:08 9878612                    /usr/lib/jvm/java-8-openjdk-amd64/jre/lib/rt.jar
7f8360895000-7f8360dcb000 rw-p 00000000 00:00 0 
7f8360dcb000-7f836110b000 ---p 00000000 00:00 0 
7f836110b000-7f83614e1000 rw-p 00000000 00:00 0 
7f83614e1000-7f83614e2000 ---p 00000000 00:00 0 
7f83614e2000-7f83615e2000 rw-p 00000000 00:00 0 
7f83615e2000-7f83615e3000 ---p 00000000 00:00 0 
7f83615e3000-7f83616e3000 rw-p 00000000 00:00 0 
7f83616e3000-7f83616e4000 ---p 00000000 00:00 0 
7f83616e4000-7f83617e4000 rw-p 00000000 00:00 0 
7f83617e4000-7f83617e5000 ---p 00000000 00:00 0 
7f83617e5000-7f836190f000 rw-p 00000000 00:00 0 
7f836190f000-7f8361b74000 ---p 00000000 00:00 0 
7f8361b74000-7f8361b9e000 rw-p 00000000 00:00 0 
7f8361b9e000-7f8361e02000 ---p 00000000 00:00 0 
7f8361e02000-7f8361e18000 rw-p 00000000 00:00 0 
7f8361e18000-7f8361f4a000 ---p 00000000 00:00 0 
7f8361f4a000-7f8361f55000 rw-p 00000000 00:00 0 
7f8361f55000-7f836230b000 ---p 00000000 00:00 0 
7f836230b000-7f8362313000 r-xp 00000000 08:08 9878575                    /usr/lib/jvm/java-8-openjdk-amd64/jre/lib/amd64/libzip.so
7f8362313000-7f8362512000 ---p 00008000 08:08 9878575                    /usr/lib/jvm/java-8-openjdk-amd64/jre/lib/amd64/libzip.so
7f8362512000-7f8362513000 r--p 00007000 08:08 9878575                    /usr/lib/jvm/java-8-openjdk-amd64/jre/lib/amd64/libzip.so
7f8362513000-7f8362514000 rw-p 00008000 08:08 9878575                    /usr/lib/jvm/java-8-openjdk-amd64/jre/lib/amd64/libzip.so
7f8362514000-7f836251f000 r-xp 00000000 08:08 131693                     /lib/x86_64-linux-gnu/libnss_files-2.27.so
7f836251f000-7f836271e000 ---p 0000b000 08:08 131693                     /lib/x86_64-linux-gnu/libnss_files-2.27.so
7f836271e000-7f836271f000 r--p 0000a000 08:08 131693                     /lib/x86_64-linux-gnu/libnss_files-2.27.so
7f836271f000-7f8362720000 rw-p 0000b000 08:08 131693                     /lib/x86_64-linux-gnu/libnss_files-2.27.so
7f8362720000-7f8362726000 rw-p 00000000 00:00 0 
7f8362726000-7f836273d000 r-xp 00000000 08:08 131690                     /lib/x86_64-linux-gnu/libnsl-2.27.so
7f836273d000-7f836293c000 ---p 00017000 08:08 131690                     /lib/x86_64-linux-gnu/libnsl-2.27.so
7f836293c000-7f836293d000 r--p 00016000 08:08 131690                     /lib/x86_64-linux-gnu/libnsl-2.27.so
7f836293d000-7f836293e000 rw-p 00017000 08:08 131690                     /lib/x86_64-linux-gnu/libnsl-2.27.so
7f836293e000-7f8362940000 rw-p 00000000 00:00 0 
7f8362940000-7f836294b000 r-xp 00000000 08:08 131695                     /lib/x86_64-linux-gnu/libnss_nis-2.27.so
7f836294b000-7f8362b4a000 ---p 0000b000 08:08 131695                     /lib/x86_64-linux-gnu/libnss_nis-2.27.so
7f8362b4a000-7f8362b4b000 r--p 0000a000 08:08 131695                     /lib/x86_64-linux-gnu/libnss_nis-2.27.so
7f8362b4b000-7f8362b4c000 rw-p 0000b000 08:08 131695                     /lib/x86_64-linux-gnu/libnss_nis-2.27.so
7f8362b4c000-7f8362b54000 r-xp 00000000 08:08 131691                     /lib/x86_64-linux-gnu/libnss_compat-2.27.so
7f8362b54000-7f8362d54000 ---p 00008000 08:08 131691                     /lib/x86_64-linux-gnu/libnss_compat-2.27.so
7f8362d54000-7f8362d55000 r--p 00008000 08:08 131691                     /lib/x86_64-linux-gnu/libnss_compat-2.27.so
7f8362d55000-7f8362d56000 rw-p 00009000 08:08 131691                     /lib/x86_64-linux-gnu/libnss_compat-2.27.so
7f8362d56000-7f8362d60000 r-xp 00000000 08:08 9845870                    /usr/lib/jvm/java-8-openjdk-amd64/jre/lib/amd64/libinstrument.so
7f8362d60000-7f8362f5f000 ---p 0000a000 08:08 9845870                    /usr/lib/jvm/java-8-openjdk-amd64/jre/lib/amd64/libinstrument.so
7f8362f5f000-7f8362f60000 r--p 00009000 08:08 9845870                    /usr/lib/jvm/java-8-openjdk-amd64/jre/lib/amd64/libinstrument.so
7f8362f60000-7f8362f61000 rw-p 0000a000 08:08 9845870                    /usr/lib/jvm/java-8-openjdk-amd64/jre/lib/amd64/libinstrument.so
7f8362f61000-7f8362f8f000 r-xp 00000000 08:08 9878555                    /usr/lib/jvm/java-8-openjdk-amd64/jre/lib/amd64/libjava.so
7f8362f8f000-7f836318e000 ---p 0002e000 08:08 9878555                    /usr/lib/jvm/java-8-openjdk-amd64/jre/lib/amd64/libjava.so
7f836318e000-7f836318f000 r--p 0002d000 08:08 9878555                    /usr/lib/jvm/java-8-openjdk-amd64/jre/lib/amd64/libjava.so
7f836318f000-7f8363191000 rw-p 0002e000 08:08 9878555                    /usr/lib/jvm/java-8-openjdk-amd64/jre/lib/amd64/libjava.so
7f8363191000-7f83631a1000 r-xp 00000000 08:08 9878574                    /usr/lib/jvm/java-8-openjdk-amd64/jre/lib/amd64/libverify.so
7f83631a1000-7f83633a0000 ---p 00010000 08:08 9878574                    /usr/lib/jvm/java-8-openjdk-amd64/jre/lib/amd64/libverify.so
7f83633a0000-7f83633a2000 r--p 0000f000 08:08 9878574                    /usr/lib/jvm/java-8-openjdk-amd64/jre/lib/amd64/libverify.so
7f83633a2000-7f83633a3000 rw-p 00011000 08:08 9878574                    /usr/lib/jvm/java-8-openjdk-amd64/jre/lib/amd64/libverify.so
7f83633a3000-7f83633aa000 r-xp 00000000 08:08 131700                     /lib/x86_64-linux-gnu/librt-2.27.so
7f83633aa000-7f83635a9000 ---p 00007000 08:08 131700                     /lib/x86_64-linux-gnu/librt-2.27.so
7f83635a9000-7f83635aa000 r--p 00006000 08:08 131700                     /lib/x86_64-linux-gnu/librt-2.27.so
7f83635aa000-7f83635ab000 rw-p 00007000 08:08 131700                     /lib/x86_64-linux-gnu/librt-2.27.so
7f83635ab000-7f83635c2000 r-xp 00000000 08:08 135732                     /lib/x86_64-linux-gnu/libgcc_s.so.1
7f83635c2000-7f83637c1000 ---p 00017000 08:08 135732                     /lib/x86_64-linux-gnu/libgcc_s.so.1
7f83637c1000-7f83637c2000 r--p 00016000 08:08 135732                     /lib/x86_64-linux-gnu/libgcc_s.so.1
7f83637c2000-7f83637c3000 rw-p 00017000 08:08 135732                     /lib/x86_64-linux-gnu/libgcc_s.so.1
7f83637c3000-7f8363960000 r-xp 00000000 08:08 131687                     /lib/x86_64-linux-gnu/libm-2.27.so
7f8363960000-7f8363b5f000 ---p 0019d000 08:08 131687                     /lib/x86_64-linux-gnu/libm-2.27.so
7f8363b5f000-7f8363b60000 r--p 0019c000 08:08 131687                     /lib/x86_64-linux-gnu/libm-2.27.so
7f8363b60000-7f8363b61000 rw-p 0019d000 08:08 131687                     /lib/x86_64-linux-gnu/libm-2.27.so
7f8363b61000-7f8363cda000 r-xp 00000000 08:08 9831392                    /usr/lib/x86_64-linux-gnu/libstdc++.so.6.0.25
7f8363cda000-7f8363eda000 ---p 00179000 08:08 9831392                    /usr/lib/x86_64-linux-gnu/libstdc++.so.6.0.25
7f8363eda000-7f8363ee4000 r--p 00179000 08:08 9831392                    /usr/lib/x86_64-linux-gnu/libstdc++.so.6.0.25
7f8363ee4000-7f8363ee6000 rw-p 00183000 08:08 9831392                    /usr/lib/x86_64-linux-gnu/libstdc++.so.6.0.25
7f8363ee6000-7f8363eea000 rw-p 00000000 00:00 0 
7f8363eea000-7f8364b7f000 r-xp 00000000 08:08 9878577                    /usr/lib/jvm/java-8-openjdk-amd64/jre/lib/amd64/server/libjvm.so
7f8364b7f000-7f8364d7e000 ---p 00c95000 08:08 9878577                    /usr/lib/jvm/java-8-openjdk-amd64/jre/lib/amd64/server/libjvm.so
7f8364d7e000-7f8364e12000 r--p 00c94000 08:08 9878577                    /usr/lib/jvm/java-8-openjdk-amd64/jre/lib/amd64/server/libjvm.so
7f8364e12000-7f8364e3a000 rw-p 00d28000 08:08 9878577                    /usr/lib/jvm/java-8-openjdk-amd64/jre/lib/amd64/server/libjvm.so
7f8364e3a000-7f8364e6b000 rw-p 00000000 00:00 0 
7f8364e6b000-7f8364e85000 r-xp 00000000 08:08 131698                     /lib/x86_64-linux-gnu/libpthread-2.27.so
7f8364e85000-7f8365084000 ---p 0001a000 08:08 131698                     /lib/x86_64-linux-gnu/libpthread-2.27.so
7f8365084000-7f8365085000 r--p 00019000 08:08 131698                     /lib/x86_64-linux-gnu/libpthread-2.27.so
7f8365085000-7f8365086000 rw-p 0001a000 08:08 131698                     /lib/x86_64-linux-gnu/libpthread-2.27.so
7f8365086000-7f836508a000 rw-p 00000000 00:00 0 
7f836508a000-7f836508d000 r-xp 00000000 08:08 131686                     /lib/x86_64-linux-gnu/libdl-2.27.so
7f836508d000-7f836528c000 ---p 00003000 08:08 131686                     /lib/x86_64-linux-gnu/libdl-2.27.so
7f836528c000-7f836528d000 r--p 00002000 08:08 131686                     /lib/x86_64-linux-gnu/libdl-2.27.so
7f836528d000-7f836528e000 rw-p 00003000 08:08 131686                     /lib/x86_64-linux-gnu/libdl-2.27.so
7f836528e000-7f83652aa000 r-xp 00000000 08:08 131270                     /lib/x86_64-linux-gnu/libz.so.1.2.11
7f83652aa000-7f83654a9000 ---p 0001c000 08:08 131270                     /lib/x86_64-linux-gnu/libz.so.1.2.11
7f83654a9000-7f83654aa000 r--p 0001b000 08:08 131270                     /lib/x86_64-linux-gnu/libz.so.1.2.11
7f83654aa000-7f83654ab000 rw-p 0001c000 08:08 131270                     /lib/x86_64-linux-gnu/libz.so.1.2.11
7f83654ab000-7f8365692000 r-xp 00000000 08:08 131683                     /lib/x86_64-linux-gnu/libc-2.27.so
7f8365692000-7f8365892000 ---p 001e7000 08:08 131683                     /lib/x86_64-linux-gnu/libc-2.27.so
7f8365892000-7f8365896000 r--p 001e7000 08:08 131683                     /lib/x86_64-linux-gnu/libc-2.27.so
7f8365896000-7f8365898000 rw-p 001eb000 08:08 131683                     /lib/x86_64-linux-gnu/libc-2.27.so
7f8365898000-7f836589c000 rw-p 00000000 00:00 0 
7f836589c000-7f83658aa000 r-xp 00000000 08:08 9845861                    /usr/lib/jvm/java-8-openjdk-amd64/jre/lib/amd64/jli/libjli.so
7f83658aa000-7f8365aa9000 ---p 0000e000 08:08 9845861                    /usr/lib/jvm/java-8-openjdk-amd64/jre/lib/amd64/jli/libjli.so
7f8365aa9000-7f8365aaa000 r--p 0000d000 08:08 9845861                    /usr/lib/jvm/java-8-openjdk-amd64/jre/lib/amd64/jli/libjli.so
7f8365aaa000-7f8365aab000 rw-p 0000e000 08:08 9845861                    /usr/lib/jvm/java-8-openjdk-amd64/jre/lib/amd64/jli/libjli.so
7f8365aab000-7f8365ad2000 r-xp 00000000 08:08 131273                     /lib/x86_64-linux-gnu/ld-2.27.so
7f8365ad2000-7f8365ad3000 r--s 01bc4000 08:08 5820944                    /home/rafaellb/.m2/repository/org/bytedeco/javacpp-presets/llvm/7.0.0-1.4.3/llvm-7.0.0-1.4.3-windows-x86_64.jar
7f8365ad3000-7f8365ad4000 r--s 01a14000 08:08 5820935                    /home/rafaellb/.m2/repository/org/bytedeco/javacpp-presets/llvm/7.0.0-1.4.3/llvm-7.0.0-1.4.3-linux-x86.jar
7f8365ad4000-7f8365ad5000 r--s 00000000 08:08 5820635                    /home/rafaellb/.m2/repository/org/bytedeco/javacpp-presets/llvm-platform/7.0.0-1.4.3/llvm-platform-7.0.0-1.4.3.jar
7f8365ad5000-7f8365ad6000 r--s 00006000 08:08 4346973                    /home/rafaellb/Documents/symtab-1.0.8.jar
7f8365ad6000-7f8365ad8000 r--s 00009000 08:08 5728742                    /home/rafaellb/.m2/repository/org/hamcrest/hamcrest-core/1.3/hamcrest-core-1.3.jar
7f8365ad8000-7f8365ae0000 r--s 00045000 08:08 5449941                    /home/rafaellb/.m2/repository/junit/junit/4.12/junit-4.12.jar
7f8365ae0000-7f8365ae1000 r--s 00000000 08:08 9878609                    /usr/lib/jvm/java-8-openjdk-amd64/jre/lib/management-agent.jar
7f8365ae1000-7f8365ae6000 r--s 0009d000 08:08 9878607                    /usr/lib/jvm/java-8-openjdk-amd64/jre/lib/jsse.jar
7f8365ae6000-7f8365ae8000 r--s 00016000 08:08 9878605                    /usr/lib/jvm/java-8-openjdk-amd64/jre/lib/jce.jar
7f8365ae8000-7f8365b03000 r--s 001d6000 08:08 9878591                    /usr/lib/jvm/java-8-openjdk-amd64/jre/lib/ext/nashorn.jar
7f8365b03000-7f8365b1e000 r--s 00394000 08:08 9878586                    /usr/lib/jvm/java-8-openjdk-amd64/jre/lib/ext/cldrdata.jar
7f8365b1e000-7f8365ba0000 rw-p 00000000 00:00 0 
7f8365ba0000-7f8365ba1000 ---p 00000000 00:00 0 
7f8365ba1000-7f8365ba4000 ---p 00000000 00:00 0 
7f8365ba4000-7f8365ca3000 rw-p 00000000 00:00 0 
7f8365ca3000-7f8365ca8000 r--s 002f9000 08:08 9878578                    /usr/lib/jvm/java-8-openjdk-amd64/jre/lib/charsets.jar
7f8365ca8000-7f8365cab000 r--s 00038000 08:08 9878594                    /usr/lib/jvm/java-8-openjdk-amd64/jre/lib/ext/sunpkcs11.jar
7f8365cab000-7f8365cac000 r--s 0000a000 08:08 9878589                    /usr/lib/jvm/java-8-openjdk-amd64/jre/lib/ext/jaccess.jar
7f8365cac000-7f8365cae000 r--s 00008000 08:08 9878592                    /usr/lib/jvm/java-8-openjdk-amd64/jre/lib/ext/sunec.jar
7f8365cae000-7f8365cb0000 r--s 00001000 08:08 9878587                    /usr/lib/jvm/java-8-openjdk-amd64/jre/lib/ext/dnsns.jar
7f8365cb0000-7f8365cb1000 r--s 00010000 08:08 9878595                    /usr/lib/jvm/java-8-openjdk-amd64/jre/lib/ext/zipfs.jar
7f8365cb1000-7f8365cb4000 r--s 0000f000 08:08 9878588                    /usr/lib/jvm/java-8-openjdk-amd64/jre/lib/ext/icedtea-sound.jar
7f8365cb4000-7f8365cba000 r--s 0003b000 08:08 9878593                    /usr/lib/jvm/java-8-openjdk-amd64/jre/lib/ext/sunjce_provider.jar
7f8365cba000-7f8365cbc000 r--s 00007000 08:08 10362578                   /usr/share/java/java-atk-wrapper.jar
7f8365cbc000-7f8365cc6000 r--s 00116000 08:08 9878590                    /usr/lib/jvm/java-8-openjdk-amd64/jre/lib/ext/localedata.jar
7f8365cc6000-7f8365cce000 rw-s 00000000 08:08 4346951                    /tmp/hsperfdata_rafaellb/5939
7f8365cce000-7f8365ccf000 rw-p 00000000 00:00 0 
7f8365ccf000-7f8365cd0000 r--p 00000000 00:00 0 
7f8365cd0000-7f8365cd2000 rw-p 00000000 00:00 0 
7f8365cd2000-7f8365cd3000 r--p 00027000 08:08 131273                     /lib/x86_64-linux-gnu/ld-2.27.so
7f8365cd3000-7f8365cd4000 rw-p 00028000 08:08 131273                     /lib/x86_64-linux-gnu/ld-2.27.so
7f8365cd4000-7f8365cd5000 rw-p 00000000 00:00 0 
7ffe0ea9b000-7ffe0eabd000 rw-p 00000000 00:00 0                          [stack]
7ffe0ebe2000-7ffe0ebe5000 r--p 00000000 00:00 0                          [vvar]
7ffe0ebe5000-7ffe0ebe7000 r-xp 00000000 00:00 0                          [vdso]
ffffffffff600000-ffffffffff601000 r-xp 00000000 00:00 0                  [vsyscall]

VM Arguments:
jvm_args: -javaagent:/home/rafaellb/Documents/idea-IU-182.4129.33/lib/idea_rt.jar=38933:/home/rafaellb/Documents/idea-IU-182.4129.33/bin -Dfile.encoding=UTF-8 
java_command: uem.Main /home/rafaellb/Documents/uem/ilp2018/compilador2018/tests/assets/parser/doc-ex-function.grace
java_class_path (initial): /usr/lib/jvm/java-8-openjdk-amd64/jre/lib/charsets.jar:/usr/lib/jvm/java-8-openjdk-amd64/jre/lib/ext/cldrdata.jar:/usr/lib/jvm/java-8-openjdk-amd64/jre/lib/ext/dnsns.jar:/usr/lib/jvm/java-8-openjdk-amd64/jre/lib/ext/icedtea-sound.jar:/usr/lib/jvm/java-8-openjdk-amd64/jre/lib/ext/jaccess.jar:/usr/lib/jvm/java-8-openjdk-amd64/jre/lib/ext/java-atk-wrapper.jar:/usr/lib/jvm/java-8-openjdk-amd64/jre/lib/ext/localedata.jar:/usr/lib/jvm/java-8-openjdk-amd64/jre/lib/ext/nashorn.jar:/usr/lib/jvm/java-8-openjdk-amd64/jre/lib/ext/sunec.jar:/usr/lib/jvm/java-8-openjdk-amd64/jre/lib/ext/sunjce_provider.jar:/usr/lib/jvm/java-8-openjdk-amd64/jre/lib/ext/sunpkcs11.jar:/usr/lib/jvm/java-8-openjdk-amd64/jre/lib/ext/zipfs.jar:/usr/lib/jvm/java-8-openjdk-amd64/jre/lib/jce.jar:/usr/lib/jvm/java-8-openjdk-amd64/jre/lib/jsse.jar:/usr/lib/jvm/java-8-openjdk-amd64/jre/lib/management-agent.jar:/usr/lib/jvm/java-8-openjdk-amd64/jre/lib/resources.jar:/usr/lib/jvm/java-8-openjdk-amd64/jre/lib/rt.jar:/home/rafaellb/Documents/uem/ilp2018/compilador2018/target/classes:/home/rafaellb/.m2/repository/junit/junit/4.12/junit-4.12.jar:/home/rafaellb/.m2/repository/org/hamcrest/hamcrest-core/1.3/hamcrest-core-1.3.jar:/usr/local/lib/antlr-4.5.3-complete.jar:/home/rafaellb/Documents/symtab-1.0.8.jar:/home/rafaellb/.m2/repository/org/bytedeco/javacpp-presets/llvm-platform/7.0.0-1.4.3/llvm-platform-7.0.0-1.4.3.jar:/home/rafaellb/.m2/repository/org/bytedeco/javacpp-presets/llvm/7.0.0-1.4.3/llvm-7.0.0-1.4.3.jar:/home/rafaellb/.m2/repository/org/bytedeco/javacpp/1.4.3/javacpp-1.4.3.jar:/home/rafaellb/.m2/repository/org/bytedeco/javacpp-presets/llvm/7.0.0-1.4.3/llvm-7.0.0-1.4.3-linux-x86.jar:/home/rafaellb/.m2/repository/org/bytedeco/javacpp-presets/llvm/7.0.0-1.4.3/llvm-7.0.0-1.4.3-linux-x86_64.jar:/home/rafaellb/.m2/repository/org/bytedeco/javacpp-presets/llvm/7.0.0-1.4.3/llvm-7.0.0-1.4.3-macosx-x86_64.jar:/home/rafaellb/.m2/repository/org/bytedeco/javacpp-presets/llvm/7.0.0-1.4.3/l
Launcher Type: SUN_STANDARD

Environment Variables:
PATH=/home/rafaellb/.opam/system/bin:/home/rafaellb/.nvm/versions/node/v9.5.0/bin:/home/rafaellb/.npm-global/bin:/home/rafaellb/bin:/home/rafaellb/.local/bin:/usr/local/sbin:/usr/local/bin:/usr/sbin:/usr/bin:/sbin:/bin:/usr/games:/usr/local/games:/snap/bin
USERNAME=rafaellb
SHELL=/bin/bash
DISPLAY=:0

Signal Handlers:
SIGSEGV: [libjvm.so+0xaaf3b0], sa_mask[0]=11111111011111111101111111111110, sa_flags=SA_RESTART|SA_SIGINFO
SIGBUS: [libjvm.so+0xaaf3b0], sa_mask[0]=11111111011111111101111111111110, sa_flags=SA_RESTART|SA_SIGINFO
SIGFPE: [libjvm.so+0x8e52f0], sa_mask[0]=11111111011111111101111111111110, sa_flags=SA_RESTART|SA_SIGINFO
SIGPIPE: [libjvm.so+0x8e52f0], sa_mask[0]=11111111011111111101111111111110, sa_flags=SA_RESTART|SA_SIGINFO
SIGXFSZ: [libjvm.so+0x8e52f0], sa_mask[0]=11111111011111111101111111111110, sa_flags=SA_RESTART|SA_SIGINFO
SIGILL: [libjvm.so+0x8e52f0], sa_mask[0]=11111111011111111101111111111110, sa_flags=SA_RESTART|SA_SIGINFO
SIGUSR1: SIG_DFL, sa_mask[0]=00000000000000000000000000000000, sa_flags=none
SIGUSR2: [libjvm.so+0x8e51a0], sa_mask[0]=00100000000000000000000000000000, sa_flags=SA_RESTART|SA_SIGINFO
SIGHUP: [libjvm.so+0x8e5650], sa_mask[0]=11111111011111111101111111111110, sa_flags=SA_RESTART|SA_SIGINFO
SIGINT: [libjvm.so+0x8e5650], sa_mask[0]=11111111011111111101111111111110, sa_flags=SA_RESTART|SA_SIGINFO
SIGTERM: [libjvm.so+0x8e5650], sa_mask[0]=11111111011111111101111111111110, sa_flags=SA_RESTART|SA_SIGINFO
SIGQUIT: [libjvm.so+0x8e5650], sa_mask[0]=11111111011111111101111111111110, sa_flags=SA_RESTART|SA_SIGINFO


---------------  S Y S T E M  ---------------

OS:DISTRIB_ID=Ubuntu
DISTRIB_RELEASE=18.04
DISTRIB_CODENAME=bionic
DISTRIB_DESCRIPTION="Ubuntu 18.04.1 LTS"

uname:Linux 4.15.0-39-generic #42-Ubuntu SMP Tue Oct 23 15:48:01 UTC 2018 x86_64
libc:glibc 2.27 NPTL 2.27 
rlimit: STACK 8192k, CORE 0k, NPROC 31161, NOFILE 1048576, AS infinity
load average:2,15 1,53 1,77

/proc/meminfo:
MemTotal:        8039896 kB
MemFree:          435220 kB
MemAvailable:    1565472 kB
Buffers:          454700 kB
Cached:           965908 kB
SwapCached:         2820 kB
Active:          5543276 kB
Inactive:        1362328 kB
Active(anon):    5105944 kB
Inactive(anon):   789620 kB
Active(file):     437332 kB
Inactive(file):   572708 kB
Unevictable:          56 kB
Mlocked:              56 kB
SwapTotal:       8258556 kB
SwapFree:        8032824 kB
Dirty:              9400 kB
Writeback:             0 kB
AnonPages:       5482020 kB
Mapped:           432544 kB
Shmem:            410508 kB
Slab:             504756 kB
SReclaimable:     429344 kB
SUnreclaim:        75412 kB
KernelStack:       21456 kB
PageTables:        90516 kB
NFS_Unstable:          0 kB
Bounce:                0 kB
WritebackTmp:          0 kB
CommitLimit:    12278504 kB
Committed_AS:   15768112 kB
VmallocTotal:   34359738367 kB
VmallocUsed:           0 kB
VmallocChunk:          0 kB
HardwareCorrupted:     0 kB
AnonHugePages:      8192 kB
ShmemHugePages:        0 kB
ShmemPmdMapped:        0 kB
CmaTotal:              0 kB
CmaFree:               0 kB
HugePages_Total:       0
HugePages_Free:        0
HugePages_Rsvd:        0
HugePages_Surp:        0
Hugepagesize:       2048 kB
DirectMap4k:      272780 kB
DirectMap2M:     7987200 kB
DirectMap1G:           0 kB


CPU:total 4 (initial active 4) (2 cores per cpu, 2 threads per core) family 6 model 78 stepping 3, cmov, cx8, fxsr, mmx, sse, sse2, sse3, ssse3, sse4.1, sse4.2, popcnt, avx, avx2, aes, clmul, erms, 3dnowpref, lzcnt, ht, tsc, tscinvbit, bmi1, bmi2, adx

/proc/cpuinfo:
processor	: 0
vendor_id	: GenuineIntel
cpu family	: 6
model		: 78
model name	: Intel(R) Core(TM) i5-6200U CPU @ 2.30GHz
stepping	: 3
microcode	: 0xc6
cpu MHz		: 2700.868
cache size	: 3072 KB
physical id	: 0
siblings	: 4
core id		: 0
cpu cores	: 2
apicid		: 0
initial apicid	: 0
fpu		: yes
fpu_exception	: yes
cpuid level	: 22
wp		: yes
flags		: fpu vme de pse tsc msr pae mce cx8 apic sep mtrr pge mca cmov pat pse36 clflush dts acpi mmx fxsr sse sse2 ss ht tm pbe syscall nx pdpe1gb rdtscp lm constant_tsc art arch_perfmon pebs bts rep_good nopl xtopology nonstop_tsc cpuid aperfmperf tsc_known_freq pni pclmulqdq dtes64 monitor ds_cpl vmx est tm2 ssse3 sdbg fma cx16 xtpr pdcm pcid sse4_1 sse4_2 x2apic movbe popcnt tsc_deadline_timer aes xsave avx f16c rdrand lahf_lm abm 3dnowprefetch cpuid_fault epb invpcid_single pti ssbd ibrs ibpb stibp tpr_shadow vnmi flexpriority ept vpid fsgsbase tsc_adjust bmi1 avx2 smep bmi2 erms invpcid mpx rdseed adx smap clflushopt intel_pt xsaveopt xsavec xgetbv1 xsaves dtherm ida arat pln pts hwp hwp_notify hwp_act_window hwp_epp flush_l1d
bugs		: cpu_meltdown spectre_v1 spectre_v2 spec_store_bypass l1tf
bogomips	: 4800.00
clflush size	: 64
cache_alignment	: 64
address sizes	: 39 bits physical, 48 bits virtual
power management:

processor	: 1
vendor_id	: GenuineIntel
cpu family	: 6
model		: 78
model name	: Intel(R) Core(TM) i5-6200U CPU @ 2.30GHz
stepping	: 3
microcode	: 0xc6
cpu MHz		: 2706.230
cache size	: 3072 KB
physical id	: 0
siblings	: 4
core id		: 1
cpu cores	: 2
apicid		: 2
initial apicid	: 2
fpu		: yes
fpu_exception	: yes
cpuid level	: 22
wp		: yes
flags		: fpu vme de pse tsc msr pae mce cx8 apic sep mtrr pge mca cmov pat pse36 clflush dts acpi mmx fxsr sse sse2 ss ht tm pbe syscall nx pdpe1gb rdtscp lm constant_tsc art arch_perfmon pebs bts rep_good nopl xtopology nonstop_tsc cpuid aperfmperf tsc_known_freq pni pclmulqdq dtes64 monitor ds_cpl vmx est tm2 ssse3 sdbg fma cx16 xtpr pdcm pcid sse4_1 sse4_2 x2apic movbe popcnt tsc_deadline_timer aes xsave avx f16c rdrand lahf_lm abm 3dnowprefetch cpuid_fault epb invpcid_single pti ssbd ibrs ibpb stibp tpr_shadow vnmi flexpriority ept vpid fsgsbase tsc_adjust bmi1 avx2 smep bmi2 erms invpcid mpx rdseed adx smap clflushopt intel_pt xsaveopt xsavec xgetbv1 xsaves dtherm ida arat pln pts hwp hwp_notify hwp_act_window hwp_epp flush_l1d
bugs		: cpu_meltdown spectre_v1 spectre_v2 spec_store_bypass l1tf
bogomips	: 4800.00
clflush size	: 64
cache_alignment	: 64
address sizes	: 39 bits physical, 48 bits virtual
power management:

processor	: 2
vendor_id	: GenuineIntel
cpu family	: 6
model		: 78
model name	: Intel(R) Core(TM) i5-6200U CPU @ 2.30GHz
stepping	: 3
microcode	: 0xc6
cpu MHz		: 2700.119
cache size	: 3072 KB
physical id	: 0
siblings	: 4
core id		: 0
cpu cores	: 2
apicid		: 1
initial apicid	: 1
fpu		: yes
fpu_exception	: yes
cpuid level	: 22
wp		: yes
flags		: fpu vme de pse tsc msr pae mce cx8 apic sep mtrr pge mca cmov pat pse36 clflush dts acpi mmx fxsr sse sse2 ss ht tm pbe syscall nx pdpe1gb rdtscp lm constant_tsc art arch_perfmon pebs bts rep_good nopl xtopology nonstop_tsc cpuid aperfmperf tsc_known_freq pni pclmulqdq dtes64 monitor ds_cpl vmx est tm2 ssse3 sdbg fma cx16 xtpr pdcm pcid sse4_1 sse4_2 x2apic movbe popcnt tsc_deadline_timer aes xsave avx f16c rdrand lahf_lm abm 3dnowprefetch cpuid_fault epb invpcid_single pti ssbd ibrs ibpb stibp tpr_shadow vnmi flexpriority ept vpid fsgsbase tsc_adjust bmi1 avx2 smep bmi2 erms invpcid mpx rdseed adx smap clflushopt intel_pt xsaveopt xsavec xgetbv1 xsaves dtherm ida arat pln pts hwp hwp_notify hwp_act_window hwp_epp flush_l1d
bugs		: cpu_meltdown spectre_v1 spectre_v2 spec_store_bypass l1tf
bogomips	: 4800.00
clflush size	: 64
cache_alignment	: 64
address sizes	: 39 bits physical, 48 bits virtual
power management:

processor	: 3
vendor_id	: GenuineIntel
cpu family	: 6
model		: 78
model name	: Intel(R) Core(TM) i5-6200U CPU @ 2.30GHz
stepping	: 3
microcode	: 0xc6
cpu MHz		: 2701.493
cache size	: 3072 KB
physical id	: 0
siblings	: 4
core id		: 1
cpu cores	: 2
apicid		: 3
initial apicid	: 3
fpu		: yes
fpu_exception	: yes
cpuid level	: 22
wp		: yes
flags		: fpu vme de pse tsc msr pae mce cx8 apic sep mtrr pge mca cmov pat pse36 clflush dts acpi mmx fxsr sse sse2 ss ht tm pbe syscall nx pdpe1gb rdtscp lm constant_tsc art arch_perfmon pebs bts rep_good nopl xtopology nonstop_tsc cpuid aperfmperf tsc_known_freq pni pclmulqdq dtes64 monitor ds_cpl vmx est tm2 ssse3 sdbg fma cx16 xtpr pdcm pcid sse4_1 sse4_2 x2apic movbe popcnt tsc_deadline_timer aes xsave avx f16c rdrand lahf_lm abm 3dnowprefetch cpuid_fault epb invpcid_single pti ssbd ibrs ibpb stibp tpr_shadow vnmi flexpriority ept vpid fsgsbase tsc_adjust bmi1 avx2 smep bmi2 erms invpcid mpx rdseed adx smap clflushopt intel_pt xsaveopt xsavec xgetbv1 xsaves dtherm ida arat pln pts hwp hwp_notify hwp_act_window hwp_epp flush_l1d
bugs		: cpu_meltdown spectre_v1 spectre_v2 spec_store_bypass l1tf
bogomips	: 4800.00
clflush size	: 64
cache_alignment	: 64
address sizes	: 39 bits physical, 48 bits virtual
power management:



Memory: 4k page, physical 8039896k(434972k free), swap 8258556k(8032824k free)

vm_info: OpenJDK 64-Bit Server VM (25.181-b13) for linux-amd64 JRE (1.8.0_181-8u181-b13-1ubuntu0.18.04.1-b13), built on Oct 22 2018 17:29:08 by "buildd" with gcc 7.3.0

time: Thu Nov 22 02:47:31 2018
elapsed time: 1 seconds (0d 0h 0m 1s)

